<?xml version="1.0" encoding="UTF-8"?>
<!-- Generated by org.testng.reporters.JUnitReportReporter -->
<testsuite hostname="docker-desktop" name="com.docker.test.FlightReservation" tests="8" failures="0" timestamp="18 Oct 2020 19:53:05 GMT" time="19.871" errors="0">
  <testcase name="registrationFlightTest" time="0.000" classname="com.docker.test.FlightReservation"/>
  <testcase name="loginFlightTest" time="0.000" classname="com.docker.test.FlightReservation"/>
  <testcase name="bookFlightTest" time="11.256" classname="com.docker.test.FlightReservation"/>
  <testcase name="bookFlightTest" time="8.614" classname="com.docker.test.FlightReservation"/>
  <testcase name="logoutFlightTest" time="0.001" classname="com.docker.test.FlightReservation"/>
  <testcase name="registrationFlightTest" time="0.000" classname="com.docker.test.FlightReservation"/>
  <testcase name="logoutFlightTest" time="0.000" classname="com.docker.test.FlightReservation"/>
  <testcase name="loginFlightTest" time="0.000" classname="com.docker.test.FlightReservation"/>
</testsuite> <!-- com.docker.test.FlightReservation -->
