<?xml version="1.0" encoding="UTF-8"?>
<!-- Generated by org.testng.reporters.JUnitReportReporter -->
<testsuite hostname="docker-desktop" name="com.docker.test.HomePageTest" tests="10" failures="0" timestamp="18 Oct 2020 19:53:05 GMT" time="22.370" errors="0">
  <testcase name="registrationTest" time="0.000" classname="com.docker.test.HomePageTest"/>
  <testcase name="loginTest" time="0.000" classname="com.docker.test.HomePageTest"/>
  <testcase name="bookTest" time="0.000" classname="com.docker.test.HomePageTest"/>
  <testcase name="registrationTest" time="0.000" classname="com.docker.test.HomePageTest"/>
  <testcase name="logoutTest" time="0.001" classname="com.docker.test.HomePageTest"/>
  <testcase name="bookTest" time="0.000" classname="com.docker.test.HomePageTest"/>
  <testcase name="loginTest" time="0.000" classname="com.docker.test.HomePageTest"/>
  <testcase name="homeTest" time="9.395" classname="com.docker.test.HomePageTest"/>
  <testcase name="logoutTest" time="0.001" classname="com.docker.test.HomePageTest"/>
  <testcase name="homeTest" time="12.973" classname="com.docker.test.HomePageTest"/>
</testsuite> <!-- com.docker.test.HomePageTest -->
