<?xml version="1.0" encoding="UTF-8"?>
<!-- Generated by org.testng.reporters.JUnitReportReporter -->
<testsuite hostname="8901-8L8JD72" name="com.docker.test.HomePageTest" tests="10" failures="0" timestamp="14 Oct 2020 03:18:44 GMT" time="10.704" errors="0">
  <testcase name="loginTest" time="0.002" classname="com.docker.test.HomePageTest"/>
  <testcase name="registrationTest" time="0.001" classname="com.docker.test.HomePageTest"/>
  <testcase name="registrationTest" time="0.001" classname="com.docker.test.HomePageTest"/>
  <testcase name="loginTest" time="0.001" classname="com.docker.test.HomePageTest"/>
  <testcase name="homeTest" time="6.085" classname="com.docker.test.HomePageTest"/>
  <testcase name="logoutTest" time="0.002" classname="com.docker.test.HomePageTest"/>
  <testcase name="homeTest" time="4.607" classname="com.docker.test.HomePageTest"/>
  <testcase name="bookTest" time="0.002" classname="com.docker.test.HomePageTest"/>
  <testcase name="logoutTest" time="0.002" classname="com.docker.test.HomePageTest"/>
  <testcase name="bookTest" time="0.001" classname="com.docker.test.HomePageTest"/>
</testsuite> <!-- com.docker.test.HomePageTest -->
